2023-08-31 22:56:34 [main] INFO  d.j.T.TransaccionServiceApplication - Starting TransaccionServiceApplication using Java 17.0.5 with PID 26376 (C:\Users\jvall\Desktop\PROYECTO DE TESIS\BACKEND\TransaccionService\target\classes started by jvall in C:\Users\jvall\Desktop\PROYECTO DE TESIS\BACKEND\TransaccionService)
2023-08-31 22:56:34 [main] INFO  d.j.T.TransaccionServiceApplication - No active profile set, falling back to 1 default profile: "default"
2023-08-31 22:56:35 [main] INFO  o.s.cloud.context.scope.GenericScope - BeanFactory id=355fb57c-d24d-3646-80f9-ae2445dd917d
2023-08-31 22:56:36 [main] INFO  o.s.b.w.e.tomcat.TomcatWebServer - Tomcat initialized with port(s): 9081 (http)
2023-08-31 22:56:36 [main] INFO  o.a.catalina.core.StandardService - Starting service [Tomcat]
2023-08-31 22:56:36 [main] INFO  o.a.catalina.core.StandardEngine - Starting Servlet engine: [Apache Tomcat/10.1.12]
2023-08-31 22:56:36 [main] INFO  o.a.c.c.C.[Tomcat].[localhost].[/] - Initializing Spring embedded WebApplicationContext
2023-08-31 22:56:36 [main] INFO  o.s.b.w.s.c.ServletWebServerApplicationContext - Root WebApplicationContext: initialization completed in 2210 ms
2023-08-31 22:56:37 [main] INFO  o.s.c.n.e.c.DiscoveryClientOptionalArgsConfiguration - Eureka HTTP Client uses RestTemplate.
2023-08-31 22:56:38 [main] WARN  o.s.c.l.c.LoadBalancerCacheAutoConfiguration$LoadBalancerCaffeineWarnLogger - Spring Cloud LoadBalancer is currently working with the default cache. While this cache implementation is useful for development and tests, it's recommended to use Caffeine cache in production.You can switch to using Caffeine cache, by adding it and org.springframework.cache.caffeine.CaffeineCacheManager to the classpath.
2023-08-31 22:56:38 [main] INFO  o.s.c.n.eureka.InstanceInfoFactory - Setting initial instance status as: STARTING
2023-08-31 22:56:38 [main] INFO  c.netflix.discovery.DiscoveryClient - Initializing Eureka in region us-east-1
2023-08-31 22:56:38 [main] INFO  c.n.d.s.r.aws.ConfigClusterResolver - Resolving eureka endpoints via configuration
2023-08-31 22:56:38 [main] INFO  c.netflix.discovery.DiscoveryClient - Disable delta property : false
2023-08-31 22:56:38 [main] INFO  c.netflix.discovery.DiscoveryClient - Single vip registry refresh property : null
2023-08-31 22:56:38 [main] INFO  c.netflix.discovery.DiscoveryClient - Force full registry fetch : false
2023-08-31 22:56:38 [main] INFO  c.netflix.discovery.DiscoveryClient - Application is null : false
2023-08-31 22:56:38 [main] INFO  c.netflix.discovery.DiscoveryClient - Registered Applications size is zero : true
2023-08-31 22:56:38 [main] INFO  c.netflix.discovery.DiscoveryClient - Application version is -1: true
2023-08-31 22:56:38 [main] INFO  c.netflix.discovery.DiscoveryClient - Getting all instance registry info from the eureka server
2023-08-31 22:56:39 [main] INFO  c.netflix.discovery.DiscoveryClient - The response status is 200
2023-08-31 22:56:39 [main] INFO  c.netflix.discovery.DiscoveryClient - Starting heartbeat executor: renew interval is: 30
2023-08-31 22:56:39 [main] INFO  c.n.discovery.InstanceInfoReplicator - InstanceInfoReplicator onDemand update allowed rate per min is 4
2023-08-31 22:56:39 [main] INFO  c.netflix.discovery.DiscoveryClient - Discovery Client initialized at timestamp 1693540599053 with initial instances count: 1
2023-08-31 22:56:39 [main] INFO  o.s.c.n.e.s.EurekaServiceRegistry - Registering application TRANSACCION-SERVICE with eureka with status UP
2023-08-31 22:56:39 [main] INFO  c.netflix.discovery.DiscoveryClient - Saw local status change event StatusChangeEvent [timestamp=1693540599065, current=UP, previous=STARTING]
2023-08-31 22:56:39 [DiscoveryClient-InstanceInfoReplicator-0] INFO  c.netflix.discovery.DiscoveryClient - DiscoveryClient_TRANSACCION-SERVICE/transaccion-service:1031dc91898ec2a878684d6ad4665a3e: registering service...
2023-08-31 22:56:39 [main] INFO  o.s.b.w.e.tomcat.TomcatWebServer - Tomcat started on port(s): 9081 (http) with context path ''
2023-08-31 22:56:39 [main] INFO  o.s.c.n.e.s.EurekaAutoServiceRegistration - Updating port to 9081
2023-08-31 22:56:39 [DiscoveryClient-InstanceInfoReplicator-0] INFO  c.netflix.discovery.DiscoveryClient - DiscoveryClient_TRANSACCION-SERVICE/transaccion-service:1031dc91898ec2a878684d6ad4665a3e - registration status: 204
2023-08-31 22:56:39 [main] INFO  d.j.T.TransaccionServiceApplication - Started TransaccionServiceApplication in 6.447 seconds (process running for 7.36)
2023-08-31 22:58:09 [http-nio-9081-exec-4] INFO  o.a.c.c.C.[Tomcat].[localhost].[/] - Initializing Spring DispatcherServlet 'dispatcherServlet'
2023-08-31 22:58:09 [http-nio-9081-exec-4] INFO  o.s.web.servlet.DispatcherServlet - Initializing Servlet 'dispatcherServlet'
2023-08-31 22:58:09 [http-nio-9081-exec-4] INFO  o.s.web.servlet.DispatcherServlet - Completed initialization in 3 ms
2023-08-31 22:58:09 [http-nio-9081-exec-4] INFO  com.zaxxer.hikari.HikariDataSource - HikariPool-1 - Starting...
2023-08-31 22:58:10 [http-nio-9081-exec-4] INFO  com.zaxxer.hikari.pool.HikariPool - HikariPool-1 - Added connection com.mysql.cj.jdbc.ConnectionImpl@6e3140c1
2023-08-31 22:58:10 [http-nio-9081-exec-4] INFO  com.zaxxer.hikari.HikariDataSource - HikariPool-1 - Start completed.
2023-08-31 23:01:38 [AsyncResolver-bootstrap-executor-0] INFO  c.n.d.s.r.aws.ConfigClusterResolver - Resolving eureka endpoints via configuration
2023-08-31 23:06:38 [AsyncResolver-bootstrap-executor-0] INFO  c.n.d.s.r.aws.ConfigClusterResolver - Resolving eureka endpoints via configuration
2023-08-31 23:11:38 [AsyncResolver-bootstrap-executor-0] INFO  c.n.d.s.r.aws.ConfigClusterResolver - Resolving eureka endpoints via configuration
2023-08-31 23:16:38 [AsyncResolver-bootstrap-executor-0] INFO  c.n.d.s.r.aws.ConfigClusterResolver - Resolving eureka endpoints via configuration
2023-08-31 23:21:38 [AsyncResolver-bootstrap-executor-0] INFO  c.n.d.s.r.aws.ConfigClusterResolver - Resolving eureka endpoints via configuration
2023-08-31 23:26:38 [AsyncResolver-bootstrap-executor-0] INFO  c.n.d.s.r.aws.ConfigClusterResolver - Resolving eureka endpoints via configuration
2023-08-31 23:29:17 [SpringApplicationShutdownHook] INFO  o.s.c.n.e.s.EurekaServiceRegistry - Unregistering application TRANSACCION-SERVICE with eureka with status DOWN
2023-08-31 23:29:17 [SpringApplicationShutdownHook] INFO  c.netflix.discovery.DiscoveryClient - Saw local status change event StatusChangeEvent [timestamp=1693542557942, current=DOWN, previous=UP]
2023-08-31 23:29:17 [DiscoveryClient-InstanceInfoReplicator-0] INFO  c.netflix.discovery.DiscoveryClient - DiscoveryClient_TRANSACCION-SERVICE/transaccion-service:1031dc91898ec2a878684d6ad4665a3e: registering service...
2023-08-31 23:29:17 [DiscoveryClient-InstanceInfoReplicator-0] INFO  c.netflix.discovery.DiscoveryClient - DiscoveryClient_TRANSACCION-SERVICE/transaccion-service:1031dc91898ec2a878684d6ad4665a3e - registration status: 204
2023-08-31 23:29:17 [SpringApplicationShutdownHook] INFO  com.zaxxer.hikari.HikariDataSource - HikariPool-1 - Shutdown initiated...
2023-08-31 23:29:17 [SpringApplicationShutdownHook] INFO  com.zaxxer.hikari.HikariDataSource - HikariPool-1 - Shutdown completed.
2023-08-31 23:29:17 [SpringApplicationShutdownHook] INFO  c.netflix.discovery.DiscoveryClient - Shutting down DiscoveryClient ...
2023-08-31 23:29:20 [SpringApplicationShutdownHook] INFO  c.netflix.discovery.DiscoveryClient - Unregistering ...
2023-08-31 23:29:21 [SpringApplicationShutdownHook] INFO  c.netflix.discovery.DiscoveryClient - DiscoveryClient_TRANSACCION-SERVICE/transaccion-service:1031dc91898ec2a878684d6ad4665a3e - deregister  status: 200
2023-08-31 23:29:21 [SpringApplicationShutdownHook] INFO  c.netflix.discovery.DiscoveryClient - Completed shut down of DiscoveryClient
